<?xml version="1.0" encoding="UTF-8"?>
<!-- Generated by org.testng.reporters.JUnitReportReporter -->
<testsuite skipped="0" hostname="HPG6-PC" name="tests.RegisteredUserCheckoutProductTest" tests="1" failures="0" timestamp="2021-03-29T11:18:56 EET" time="40.937" errors="0">
  <testcase name="RegisteredUserCheckOutProduct" time="40.937" classname="tests.RegisteredUserCheckoutProductTest"/>
  <system-out/>
</testsuite> <!-- tests.RegisteredUserCheckoutProductTest -->
