<?xml version="1.0" encoding="UTF-8"?>
<!-- Generated by org.testng.reporters.JUnitReportReporter -->
<testsuite skipped="0" hostname="HPG6-PC" name="tests.SearchProductUsingAutoCompleteTest" tests="1" failures="0" timestamp="2021-03-24T13:09:40 EET" time="5.319" errors="0">
  <testcase name="userCanSearchUsingAutoComplete" time="5.319" classname="tests.SearchProductUsingAutoCompleteTest"/>
  <system-out/>
</testsuite> <!-- tests.SearchProductUsingAutoCompleteTest -->
