<?xml version="1.0" encoding="UTF-8"?>
<!-- Generated by org.testng.reporters.JUnitReportReporter -->
<testsuite skipped="0" hostname="HPG6-PC" name="tests.ChangeCurrencyTest" tests="1" failures="0" timestamp="2021-03-25T14:12:01 EET" time="1.927" errors="0">
  <testcase name="UserCanChangeCurrency" time="1.927" classname="tests.ChangeCurrencyTest"/>
  <system-out/>
</testsuite> <!-- tests.ChangeCurrencyTest -->
