<?xml version="1.0" encoding="UTF-8"?>
<!-- Generated by org.testng.reporters.JUnitReportReporter -->
<testsuite skipped="0" hostname="HPG6-PC" name="tests.AddProductToCompareTest" tests="1" failures="0" timestamp="2021-03-28T15:31:43 EET" time="11.251" errors="0">
  <testcase name="UserCanAddAndDeleteProductsToCompareList" time="11.251" classname="tests.AddProductToCompareTest"/>
  <system-out/>
</testsuite> <!-- tests.AddProductToCompareTest -->
