<?xml version="1.0" encoding="UTF-8"?>
<!-- Generated by org.testng.reporters.JUnitReportReporter -->
<testsuite skipped="0" hostname="HPG6-PC" name="tests.GuestCheckoutProductTest" tests="1" failures="0" timestamp="2021-03-29T13:57:45 EET" time="18.841" errors="0">
  <testcase name="GuestCanCheckoutProduct" time="18.841" classname="tests.GuestCheckoutProductTest"/>
  <system-out/>
</testsuite> <!-- tests.GuestCheckoutProductTest -->
