<?xml version="1.0" encoding="UTF-8"?>
<!-- Generated by org.testng.reporters.JUnitReportReporter -->
<testsuite skipped="0" hostname="HPG6-PC" name="tests.AddProductToWishListTest" tests="2" failures="0" timestamp="2021-03-28T12:14:52 EET" time="10.046" errors="0">
  <testcase name="userCanSearchUsingAutoComplete" time="7.148" classname="tests.AddProductToWishListTest"/>
  <system-out/>
  <testcase name="AddandRemoveProductFromWishList" time="2.898" classname="tests.AddProductToWishListTest"/>
  <system-out/>
</testsuite> <!-- tests.AddProductToWishListTest -->
