<?xml version="1.0" encoding="UTF-8"?>
<!-- Generated by org.testng.reporters.JUnitReportReporter -->
<testsuite skipped="0" hostname="HPG6-PC" name="tests.SearchProductTest" tests="1" failures="0" timestamp="2021-03-24T12:15:11 EET" time="4.799" errors="0">
  <testcase name="UserCanSearchForProducts" time="4.799" classname="tests.SearchProductTest"/>
  <system-out/>
</testsuite> <!-- tests.SearchProductTest -->
