<?xml version="1.0" encoding="UTF-8"?>
<!-- Generated by org.testng.reporters.JUnitReportReporter -->
<testsuite skipped="0" hostname="HPG6-PC" name="tests.UserRegistrationUsingDDTandDataProvider" tests="2" failures="0" timestamp="2021-03-29T17:13:45 EET" time="14.784" errors="0">
  <testcase name="UserCanRegisterSuccessfully" time="6.035" classname="tests.UserRegistrationUsingDDTandDataProvider"/>
  <system-out/>
  <testcase name="UserCanRegisterSuccessfully" time="8.749" classname="tests.UserRegistrationUsingDDTandDataProvider"/>
  <system-out/>
</testsuite> <!-- tests.UserRegistrationUsingDDTandDataProvider -->
