<?xml version="1.0" encoding="UTF-8"?>
<!-- Generated by org.testng.reporters.JUnitReportReporter -->
<testsuite skipped="0" hostname="HPG6-PC" name="tests.ProductHoverMenuTest" tests="1" failures="0" timestamp="2021-03-25T17:52:28 EET" time="13.286" errors="0">
  <testcase name="UserCanSelectSubCatergoryFromMainMenu" time="13.286" classname="tests.ProductHoverMenuTest"/>
  <system-out/>
</testsuite> <!-- tests.ProductHoverMenuTest -->
