<?xml version="1.0" encoding="UTF-8"?>
<!-- Generated by org.testng.reporters.JUnitReportReporter -->
<testsuite skipped="0" hostname="HPG6-PC" name="tests.EmailFriendTest" tests="4" failures="0" timestamp="2021-03-24T17:10:33 EET" time="11.781" errors="0">
  <testcase name="userCanSearchUsingAutoComplete" time="4.074" classname="tests.EmailFriendTest"/>
  <system-out/>
  <testcase name="UserCanSendEmailToHisFriend" time="2.157" classname="tests.EmailFriendTest"/>
  <system-out/>
  <testcase name="RegisteredUserCanLogout" time="1.110" classname="tests.EmailFriendTest"/>
  <system-out/>
  <testcase name="UserCanRegisterSuccessfully" time="4.440" classname="tests.EmailFriendTest"/>
  <system-out/>
</testsuite> <!-- tests.EmailFriendTest -->
