<?xml version="1.0" encoding="UTF-8"?>
<!-- Generated by org.testng.reporters.JUnitReportReporter -->
<testsuite skipped="0" hostname="HPG6-PC" name="tests.AddProductReviewTest" tests="3" failures="0" timestamp="2021-03-25T16:51:35 EET" time="12.732" errors="0">
  <testcase name="UserCanRegisterSuccessfully" time="4.703" classname="tests.AddProductReviewTest"/>
  <system-out/>
  <testcase name="userCanSearchUsingAutoComplete" time="6.488" classname="tests.AddProductReviewTest"/>
  <system-out/>
  <testcase name="UserCanAddReviewForProduct" time="1.541" classname="tests.AddProductReviewTest"/>
  <system-out/>
</testsuite> <!-- tests.AddProductReviewTest -->
