<?xml version="1.0" encoding="UTF-8"?>
<!-- Generated by org.testng.reporters.JUnitReportReporter -->
<testsuite skipped="0" hostname="HPG6-PC" name="tests.UserRegistrationWithDDTandPropertiesFile" tests="3" failures="0" timestamp="2021-03-30T20:03:23 EET" time="9.780" errors="0">
  <testcase name="RegisteredUserCanLogin" time="3.517" classname="tests.UserRegistrationWithDDTandPropertiesFile"/>
  <system-out/>
  <testcase name="RegisteredUserCanLogout" time="1.708" classname="tests.UserRegistrationWithDDTandPropertiesFile"/>
  <system-out/>
  <testcase name="UserCanRegisterSuccessfully" time="4.555" classname="tests.UserRegistrationWithDDTandPropertiesFile"/>
  <system-out/>
</testsuite> <!-- tests.UserRegistrationWithDDTandPropertiesFile -->
